[22:47:29] [main/INFO] [GradleStart]: No arguments specified, assuming client.
[22:47:29] [main/INFO] [GradleStart]: Extra: []
[22:47:29] [main/INFO] [GradleStart]: Running with arguments: [--userProperties, {}, --tweakClass, cpw.mods.fml.common.launcher.FMLTweaker, --accessToken, {REDACTED}, --assetIndex, 1.7.10, --assetsDir, C:/Users/Joshua/.gradle/caches/minecraft/assets, --version, 1.7.10]
[22:47:29] [main/INFO] [LaunchWrapper]: Loading tweak class name cpw.mods.fml.common.launcher.FMLTweaker
[22:47:29] [main/INFO] [LaunchWrapper]: Using primary tweak class name cpw.mods.fml.common.launcher.FMLTweaker
[22:47:29] [main/INFO] [LaunchWrapper]: Calling tweak class cpw.mods.fml.common.launcher.FMLTweaker
[23:00:01] [main/INFO] [GradleStart]: No arguments specified, assuming client.
[23:00:01] [main/INFO] [GradleStart]: Extra: []
[23:00:01] [main/INFO] [GradleStart]: Running with arguments: [--userProperties, {}, --tweakClass, cpw.mods.fml.common.launcher.FMLTweaker, --accessToken, {REDACTED}, --assetIndex, 1.7.10, --assetsDir, C:/Users/Joshua/.gradle/caches/minecraft/assets, --version, 1.7.10]
[23:00:01] [main/INFO] [LaunchWrapper]: Loading tweak class name cpw.mods.fml.common.launcher.FMLTweaker
[23:00:01] [main/INFO] [LaunchWrapper]: Using primary tweak class name cpw.mods.fml.common.launcher.FMLTweaker
[23:00:01] [main/INFO] [LaunchWrapper]: Calling tweak class cpw.mods.fml.common.launcher.FMLTweaker
[23:07:19] [main/INFO] [GradleStart]: No arguments specified, assuming client.
[23:07:19] [main/INFO] [GradleStart]: Extra: []
[23:07:19] [main/INFO] [GradleStart]: Running with arguments: [--userProperties, {}, --tweakClass, cpw.mods.fml.common.launcher.FMLTweaker, --accessToken, {REDACTED}, --assetIndex, 1.7.10, --assetsDir, C:/Users/Joshua/.gradle/caches/minecraft/assets, --version, 1.7.10]
[23:07:19] [main/INFO] [LaunchWrapper]: Loading tweak class name cpw.mods.fml.common.launcher.FMLTweaker
[23:07:19] [main/INFO] [LaunchWrapper]: Using primary tweak class name cpw.mods.fml.common.launcher.FMLTweaker
[23:07:19] [main/INFO] [LaunchWrapper]: Calling tweak class cpw.mods.fml.common.launcher.FMLTweaker
[15:19:07] [main/INFO] [GradleStart]: No arguments specified, assuming client.
[15:19:07] [main/INFO] [GradleStart]: Extra: []
[15:19:07] [main/INFO] [GradleStart]: Running with arguments: [--userProperties, {}, --tweakClass, cpw.mods.fml.common.launcher.FMLTweaker, --accessToken, {REDACTED}, --assetIndex, 1.7.10, --assetsDir, C:/Users/Joshua/.gradle/caches/minecraft/assets, --version, 1.7.10]
[15:19:07] [main/INFO] [LaunchWrapper]: Loading tweak class name cpw.mods.fml.common.launcher.FMLTweaker
[15:19:08] [main/INFO] [LaunchWrapper]: Using primary tweak class name cpw.mods.fml.common.launcher.FMLTweaker
[15:19:08] [main/INFO] [LaunchWrapper]: Calling tweak class cpw.mods.fml.common.launcher.FMLTweaker
[16:11:43] [main/INFO] [GradleStart]: No arguments specified, assuming client.
[16:11:43] [main/INFO] [GradleStart]: Extra: []
[16:11:43] [main/INFO] [GradleStart]: Running with arguments: [--userProperties, {}, --tweakClass, cpw.mods.fml.common.launcher.FMLTweaker, --accessToken, {REDACTED}, --assetIndex, 1.7.10, --assetsDir, C:/Users/Joshua/.gradle/caches/minecraft/assets, --version, 1.7.10]
[16:11:43] [main/INFO] [LaunchWrapper]: Loading tweak class name cpw.mods.fml.common.launcher.FMLTweaker
[16:11:43] [main/INFO] [LaunchWrapper]: Using primary tweak class name cpw.mods.fml.common.launcher.FMLTweaker
[16:11:43] [main/INFO] [LaunchWrapper]: Calling tweak class cpw.mods.fml.common.launcher.FMLTweaker
[16:14:44] [main/INFO] [GradleStart]: No arguments specified, assuming client.
[16:14:44] [main/INFO] [GradleStart]: Extra: []
[16:14:44] [main/INFO] [GradleStart]: Running with arguments: [--userProperties, {}, --tweakClass, cpw.mods.fml.common.launcher.FMLTweaker, --accessToken, {REDACTED}, --assetIndex, 1.7.10, --assetsDir, C:/Users/Joshua/.gradle/caches/minecraft/assets, --version, 1.7.10]
[16:14:44] [main/INFO] [LaunchWrapper]: Loading tweak class name cpw.mods.fml.common.launcher.FMLTweaker
[16:14:44] [main/INFO] [LaunchWrapper]: Using primary tweak class name cpw.mods.fml.common.launcher.FMLTweaker
[16:14:44] [main/INFO] [LaunchWrapper]: Calling tweak class cpw.mods.fml.common.launcher.FMLTweaker
[17:19:56] [main/INFO] [GradleStart]: No arguments specified, assuming client.
[17:19:56] [main/INFO] [GradleStart]: Extra: []
[17:19:56] [main/INFO] [GradleStart]: Running with arguments: [--userProperties, {}, --tweakClass, cpw.mods.fml.common.launcher.FMLTweaker, --accessToken, {REDACTED}, --assetIndex, 1.7.10, --assetsDir, C:/Users/Joshua/.gradle/caches/minecraft/assets, --version, 1.7.10]
[17:19:56] [main/INFO] [LaunchWrapper]: Loading tweak class name cpw.mods.fml.common.launcher.FMLTweaker
[17:19:56] [main/INFO] [LaunchWrapper]: Using primary tweak class name cpw.mods.fml.common.launcher.FMLTweaker
[17:19:56] [main/INFO] [LaunchWrapper]: Calling tweak class cpw.mods.fml.common.launcher.FMLTweaker
[21:08:54] [main/INFO] [GradleStart]: No arguments specified, assuming client.
[21:08:54] [main/INFO] [GradleStart]: Extra: []
[21:08:54] [main/INFO] [GradleStart]: Running with arguments: [--userProperties, {}, --tweakClass, cpw.mods.fml.common.launcher.FMLTweaker, --accessToken, {REDACTED}, --assetIndex, 1.7.10, --assetsDir, C:/Users/Joshua/.gradle/caches/minecraft/assets, --version, 1.7.10]
[21:08:54] [main/INFO] [LaunchWrapper]: Loading tweak class name cpw.mods.fml.common.launcher.FMLTweaker
[21:08:54] [main/INFO] [LaunchWrapper]: Using primary tweak class name cpw.mods.fml.common.launcher.FMLTweaker
[21:08:54] [main/INFO] [LaunchWrapper]: Calling tweak class cpw.mods.fml.common.launcher.FMLTweaker
